#
# There is insufficient memory for the Java Runtime Environment to continue.
# Native memory allocation (malloc) failed to allocate 400576 bytes. Error detail: Chunk::new
# Possible reasons:
#   The system is out of physical RAM or swap space
#   This process is running with CompressedOops enabled, and the Java Heap may be blocking the growth of the native heap
# Possible solutions:
#   Reduce memory load on the system
#   Increase physical memory or swap space
#   Check if swap backing store is full
#   Decrease Java heap size (-Xmx/-Xms)
#   Decrease number of Java threads
#   Decrease Java thread stack sizes (-Xss)
#   Set larger code cache with -XX:ReservedCodeCacheSize=
#   JVM is running with Unscaled Compressed Oops mode in which the Java heap is
#     placed in the first 4GB address space. The Java Heap base address is the
#     maximum limit for the native heap growth. Please use -XX:HeapBaseMinAddress
#     to set the Java Heap base and to place the Java Heap above 4GB virtual address.
# This output file may be truncated or incomplete.
#
#  Out of Memory Error (arena.cpp:168), pid=11736, tid=14616
#
# JRE version: OpenJDK Runtime Environment (21.0.5) (build 21.0.5+-12932927-b750.29)
# Java VM: OpenJDK 64-Bit Server VM (21.0.5+-12932927-b750.29, mixed mode, tiered, compressed oops, compressed class ptrs, g1 gc, windows-amd64)
# No core dump will be written. Minidumps are not enabled by default on client versions of Windows
#

---------------  S U M M A R Y ------------

Command Line: org.jetbrains.kotlin.cli.jvm.K2JVMCompiler @C:\Users\georg\AndroidStudioProjects\MusicPlayerApp2\app\build\20250324_701476842519770402.compiler.options

Host: AMD Ryzen 7 4800H with Radeon Graphics         , 16 cores, 7G,  Windows 11 , 64 bit Build 26100 (10.0.26100.3323)
Time: Mon Mar 24 00:29:15 2025 India Standard Time elapsed time: 18.132554 seconds (0d 0h 0m 18s)

---------------  T H R E A D  ---------------

Current thread (0x000001df169d8620):  JavaThread "C2 CompilerThread1" daemon [_thread_in_native, id=14616, stack(0x0000002c9a600000,0x0000002c9a700000) (1024K)]


Current CompileTask:
C2:18132 7884       4       org.jetbrains.org.objectweb.asm.ClassReader::readParameterAnnotations (106 bytes)

Stack: [0x0000002c9a600000,0x0000002c9a700000]
Native frames: (J=compiled Java code, j=interpreted, Vv=VM code, C=native code)
V  [jvm.dll+0x6cfb29]
V  [jvm.dll+0x85ded3]
V  [jvm.dll+0x86042e]
V  [jvm.dll+0x860b13]
V  [jvm.dll+0x27e6b6]
V  [jvm.dll+0xbff6d]
V  [jvm.dll+0xc04a3]
V  [jvm.dll+0x2f2750]
V  [jvm.dll+0x5fa0c9]
V  [jvm.dll+0x250d62]
V  [jvm.dll+0x2496ba]
V  [jvm.dll+0x24712e]
V  [jvm.dll+0x1c5ee4]
V  [jvm.dll+0x25697c]
V  [jvm.dll+0x254ec6]
V  [jvm.dll+0x3f0ce6]
V  [jvm.dll+0x806368]
V  [jvm.dll+0x6ce3fd]
C  [ucrtbase.dll+0x37b0]
C  [KERNEL32.DLL+0x2e8d7]
C  [ntdll.dll+0xbbf6c]


---------------  P R O C E S S  ---------------

Threads class SMR info:
_java_thread_list=0x000001df167bf8e0, length=15, elements={
0x000001df74b93560, 0x000001df130a4980, 0x000001df130a53d0, 0x000001df130818f0,
0x000001df13082340, 0x000001df1308cf50, 0x000001df1308e9b0, 0x000001df130adf40,
0x000001df130be9e0, 0x000001df1325fa90, 0x000001df13261fe0, 0x000001df169d8620,
0x000001df1593a900, 0x000001df1593afd0, 0x000001df1593bd70
}

Java Threads: ( => current thread )
  0x000001df74b93560 JavaThread "main"                              [_thread_in_Java, id=3692, stack(0x0000002c99300000,0x0000002c99400000) (1024K)]
  0x000001df130a4980 JavaThread "Reference Handler"          daemon [_thread_blocked, id=13872, stack(0x0000002c99b00000,0x0000002c99c00000) (1024K)]
  0x000001df130a53d0 JavaThread "Finalizer"                  daemon [_thread_blocked, id=14496, stack(0x0000002c99c00000,0x0000002c99d00000) (1024K)]
  0x000001df130818f0 JavaThread "Signal Dispatcher"          daemon [_thread_blocked, id=27012, stack(0x0000002c99d00000,0x0000002c99e00000) (1024K)]
  0x000001df13082340 JavaThread "Attach Listener"            daemon [_thread_blocked, id=25488, stack(0x0000002c99e00000,0x0000002c99f00000) (1024K)]
  0x000001df1308cf50 JavaThread "Service Thread"             daemon [_thread_blocked, id=11352, stack(0x0000002c99f00000,0x0000002c9a000000) (1024K)]
  0x000001df1308e9b0 JavaThread "Monitor Deflation Thread"   daemon [_thread_blocked, id=20384, stack(0x0000002c9a000000,0x0000002c9a100000) (1024K)]
  0x000001df130adf40 JavaThread "C2 CompilerThread0"         daemon [_thread_in_native, id=26620, stack(0x0000002c9a100000,0x0000002c9a200000) (1024K)]
  0x000001df130be9e0 JavaThread "C1 CompilerThread0"         daemon [_thread_blocked, id=34632, stack(0x0000002c9a200000,0x0000002c9a300000) (1024K)]
  0x000001df1325fa90 JavaThread "Notification Thread"        daemon [_thread_blocked, id=30336, stack(0x0000002c9a400000,0x0000002c9a500000) (1024K)]
  0x000001df13261fe0 JavaThread "Common-Cleaner"             daemon [_thread_blocked, id=2896, stack(0x0000002c9a500000,0x0000002c9a600000) (1024K)]
=>0x000001df169d8620 JavaThread "C2 CompilerThread1"         daemon [_thread_in_native, id=14616, stack(0x0000002c9a600000,0x0000002c9a700000) (1024K)]
  0x000001df1593a900 JavaThread "C1 CompilerThread1"         daemon [_thread_blocked, id=436, stack(0x0000002c9a700000,0x0000002c9a800000) (1024K)]
  0x000001df1593afd0 JavaThread "C1 CompilerThread2"         daemon [_thread_blocked, id=30252, stack(0x0000002c9b600000,0x0000002c9b700000) (1024K)]
  0x000001df1593bd70 JavaThread "C1 CompilerThread3"         daemon [_thread_in_native, id=35296, stack(0x0000002c9a300000,0x0000002c9a400000) (1024K)]
Total: 15

Other Threads:
  0x000001df13037a40 VMThread "VM Thread"                           [id=23560, stack(0x0000002c99a00000,0x0000002c99b00000) (1024K)]
  0x000001df7fd9f760 WatcherThread "VM Periodic Task Thread"        [id=8200, stack(0x0000002c99900000,0x0000002c99a00000) (1024K)]
  0x000001df76f7b740 WorkerThread "GC Thread#0"                     [id=24456, stack(0x0000002c99400000,0x0000002c99500000) (1024K)]
  0x000001df13b22810 WorkerThread "GC Thread#1"                     [id=20584, stack(0x0000002c9a800000,0x0000002c9a900000) (1024K)]
  0x000001df13b85120 WorkerThread "GC Thread#2"                     [id=11140, stack(0x0000002c9a900000,0x0000002c9aa00000) (1024K)]
  0x000001df13b854c0 WorkerThread "GC Thread#3"                     [id=26064, stack(0x0000002c9aa00000,0x0000002c9ab00000) (1024K)]
  0x000001df13b86070 WorkerThread "GC Thread#4"                     [id=30940, stack(0x0000002c9ab00000,0x0000002c9ac00000) (1024K)]
  0x000001df13b86410 WorkerThread "GC Thread#5"                     [id=20576, stack(0x0000002c9ac00000,0x0000002c9ad00000) (1024K)]
  0x000001df13c87810 WorkerThread "GC Thread#6"                     [id=9996, stack(0x0000002c9ad00000,0x0000002c9ae00000) (1024K)]
  0x000001df13c87bb0 WorkerThread "GC Thread#7"                     [id=9640, stack(0x0000002c9ae00000,0x0000002c9af00000) (1024K)]
  0x000001df14264f30 WorkerThread "GC Thread#8"                     [id=480, stack(0x0000002c9b300000,0x0000002c9b400000) (1024K)]
  0x000001df142664f0 WorkerThread "GC Thread#9"                     [id=6928, stack(0x0000002c9b400000,0x0000002c9b500000) (1024K)]
  0x000001df14263d10 WorkerThread "GC Thread#10"                    [id=18936, stack(0x0000002c9b700000,0x0000002c9b800000) (1024K)]
  0x000001df14f43e80 WorkerThread "GC Thread#11"                    [id=27072, stack(0x0000002c9b500000,0x0000002c9b600000) (1024K)]
  0x000001df14f44220 WorkerThread "GC Thread#12"                    [id=20128, stack(0x0000002c9b900000,0x0000002c9ba00000) (1024K)]
  0x000001df76f8b3b0 ConcurrentGCThread "G1 Main Marker"            [id=29844, stack(0x0000002c99500000,0x0000002c99600000) (1024K)]
  0x000001df76f8c5d0 WorkerThread "G1 Conc#0"                       [id=10264, stack(0x0000002c99600000,0x0000002c99700000) (1024K)]
  0x000001df13c86d30 WorkerThread "G1 Conc#1"                       [id=16116, stack(0x0000002c9af00000,0x0000002c9b000000) (1024K)]
  0x000001df13c87f50 WorkerThread "G1 Conc#2"                       [id=31008, stack(0x0000002c9b000000,0x0000002c9b100000) (1024K)]
  0x000001df7fc6e2e0 ConcurrentGCThread "G1 Refine#0"               [id=12380, stack(0x0000002c99700000,0x0000002c99800000) (1024K)]
  0x000001df7fc6eb00 ConcurrentGCThread "G1 Service"                [id=8628, stack(0x0000002c99800000,0x0000002c99900000) (1024K)]
Total: 21

Threads with active compile tasks:
C2 CompilerThread0  18178 7734       4       java.util.regex.Pattern::split (325 bytes)
C2 CompilerThread1  18178 7884       4       org.jetbrains.org.objectweb.asm.ClassReader::readParameterAnnotations (106 bytes)
C1 CompilerThread3  18178 7889       3       org.jetbrains.kotlin.fir.java.enhancement.FirSignatureEnhancement::enhanceMethod (2922 bytes)
Total: 3

VM state: not at safepoint (normal execution)

VM Mutex/Monitor currently owned by a thread:  ([mutex/lock_event])
[0x00007ff8316fbde0] MethodCompileQueue_lock - owner thread: 0x0000000000000000

Heap address: 0x0000000089400000, size: 1900 MB, Compressed Oops mode: 32-bit

CDS archive(s) not mapped
Compressed class space mapped at: 0x0000000100000000-0x0000000140000000, reserved size: 1073741824
Narrow klass base: 0x0000000000000000, Narrow klass shift: 3, Narrow klass range: 0x140000000

GC Precious Log:
 CardTable entry size: 512
 Card Set container configuration: InlinePtr #cards 5 size 8 Array Of Cards #cards 12 size 40 Howl #buckets 4 coarsen threshold 1843 Howl Bitmap #cards 512 size 80 coarsen threshold 460 Card regions per heap region 1 cards per card region 2048
 CPUs: 16 total, 16 available
 Memory: 7599M
 Large Page Support: Disabled
 NUMA Support: Disabled
 Compressed Oops: Enabled (32-bit)
 Heap Region Size: 1M
 Heap Min Capacity: 8M
 Heap Initial Capacity: 120M
 Heap Max Capacity: 1900M
 Pre-touch: Disabled
 Parallel Workers: 13
 Concurrent Workers: 3
 Concurrent Refinement Workers: 13
 Periodic GC: Disabled

Heap:
 garbage-first heap   total 163840K, used 115126K [0x0000000089400000, 0x0000000100000000)
  region size 1024K, 15 young (15360K), 5 survivors (5120K)
 Metaspace       used 59865K, committed 60160K, reserved 1114112K
  class space    used 6546K, committed 6656K, reserved 1048576K

Heap Regions: E=young(eden), S=young(survivor), O=old, HS=humongous(starts), HC=humongous(continues), CS=collection set, F=free, TAMS=top-at-mark-start, PB=parsable bottom
|   0|0x0000000089400000, 0x0000000089500000, 0x0000000089500000|100%|HS|  |TAMS 0x0000000089400000| PB 0x0000000089400000| Complete 
|   1|0x0000000089500000, 0x0000000089600000, 0x0000000089600000|100%|HC|  |TAMS 0x0000000089500000| PB 0x0000000089500000| Complete 
|   2|0x0000000089600000, 0x0000000089700000, 0x0000000089700000|100%|HC|  |TAMS 0x0000000089600000| PB 0x0000000089600000| Complete 
|   3|0x0000000089700000, 0x0000000089800000, 0x0000000089800000|100%| O|  |TAMS 0x0000000089700000| PB 0x0000000089700000| Untracked 
|   4|0x0000000089800000, 0x0000000089900000, 0x0000000089900000|100%| O|  |TAMS 0x0000000089800000| PB 0x0000000089800000| Untracked 
|   5|0x0000000089900000, 0x0000000089a00000, 0x0000000089a00000|100%| O|  |TAMS 0x0000000089900000| PB 0x0000000089900000| Untracked 
|   6|0x0000000089a00000, 0x0000000089b00000, 0x0000000089b00000|100%| O|  |TAMS 0x0000000089a00000| PB 0x0000000089a00000| Untracked 
|   7|0x0000000089b00000, 0x0000000089c00000, 0x0000000089c00000|100%| O|  |TAMS 0x0000000089b00000| PB 0x0000000089b00000| Untracked 
|   8|0x0000000089c00000, 0x0000000089d00000, 0x0000000089d00000|100%| O|  |TAMS 0x0000000089c00000| PB 0x0000000089c00000| Untracked 
|   9|0x0000000089d00000, 0x0000000089e00000, 0x0000000089e00000|100%| O|  |TAMS 0x0000000089d00000| PB 0x0000000089d00000| Untracked 
|  10|0x0000000089e00000, 0x0000000089f00000, 0x0000000089f00000|100%| O|  |TAMS 0x0000000089e00000| PB 0x0000000089e00000| Untracked 
|  11|0x0000000089f00000, 0x000000008a000000, 0x000000008a000000|100%| O|  |TAMS 0x0000000089f00000| PB 0x0000000089f00000| Untracked 
|  12|0x000000008a000000, 0x000000008a100000, 0x000000008a100000|100%| O|  |TAMS 0x000000008a000000| PB 0x000000008a000000| Untracked 
|  13|0x000000008a100000, 0x000000008a200000, 0x000000008a200000|100%| O|  |TAMS 0x000000008a100000| PB 0x000000008a100000| Untracked 
|  14|0x000000008a200000, 0x000000008a300000, 0x000000008a300000|100%| O|  |TAMS 0x000000008a200000| PB 0x000000008a200000| Untracked 
|  15|0x000000008a300000, 0x000000008a400000, 0x000000008a400000|100%| O|  |TAMS 0x000000008a300000| PB 0x000000008a300000| Untracked 
|  16|0x000000008a400000, 0x000000008a500000, 0x000000008a500000|100%| O|  |TAMS 0x000000008a400000| PB 0x000000008a400000| Untracked 
|  17|0x000000008a500000, 0x000000008a600000, 0x000000008a600000|100%| O|  |TAMS 0x000000008a500000| PB 0x000000008a500000| Untracked 
|  18|0x000000008a600000, 0x000000008a700000, 0x000000008a700000|100%| O|  |TAMS 0x000000008a600000| PB 0x000000008a600000| Untracked 
|  19|0x000000008a700000, 0x000000008a800000, 0x000000008a800000|100%| O|  |TAMS 0x000000008a700000| PB 0x000000008a700000| Untracked 
|  20|0x000000008a800000, 0x000000008a900000, 0x000000008a900000|100%| O|  |TAMS 0x000000008a800000| PB 0x000000008a800000| Untracked 
|  21|0x000000008a900000, 0x000000008aa00000, 0x000000008aa00000|100%| O|  |TAMS 0x000000008a900000| PB 0x000000008a900000| Untracked 
|  22|0x000000008aa00000, 0x000000008ab00000, 0x000000008ab00000|100%| O|  |TAMS 0x000000008aa00000| PB 0x000000008aa00000| Untracked 
|  23|0x000000008ab00000, 0x000000008ac00000, 0x000000008ac00000|100%| O|  |TAMS 0x000000008ab00000| PB 0x000000008ab00000| Untracked 
|  24|0x000000008ac00000, 0x000000008ad00000, 0x000000008ad00000|100%| O|  |TAMS 0x000000008ac00000| PB 0x000000008ac00000| Untracked 
|  25|0x000000008ad00000, 0x000000008ae00000, 0x000000008ae00000|100%| O|  |TAMS 0x000000008ad00000| PB 0x000000008ad00000| Untracked 
|  26|0x000000008ae00000, 0x000000008af00000, 0x000000008af00000|100%| O|  |TAMS 0x000000008ae00000| PB 0x000000008ae00000| Untracked 
|  27|0x000000008af00000, 0x000000008b000000, 0x000000008b000000|100%| O|  |TAMS 0x000000008af00000| PB 0x000000008af00000| Untracked 
|  28|0x000000008b000000, 0x000000008b100000, 0x000000008b100000|100%| O|  |TAMS 0x000000008b000000| PB 0x000000008b000000| Untracked 
|  29|0x000000008b100000, 0x000000008b200000, 0x000000008b200000|100%| O|  |TAMS 0x000000008b100000| PB 0x000000008b100000| Untracked 
|  30|0x000000008b200000, 0x000000008b300000, 0x000000008b300000|100%| O|  |TAMS 0x000000008b200000| PB 0x000000008b200000| Untracked 
|  31|0x000000008b300000, 0x000000008b400000, 0x000000008b400000|100%| O|  |TAMS 0x000000008b300000| PB 0x000000008b300000| Untracked 
|  32|0x000000008b400000, 0x000000008b500000, 0x000000008b500000|100%| O|  |TAMS 0x000000008b400000| PB 0x000000008b400000| Untracked 
|  33|0x000000008b500000, 0x000000008b600000, 0x000000008b600000|100%| O|  |TAMS 0x000000008b500000| PB 0x000000008b500000| Untracked 
|  34|0x000000008b600000, 0x000000008b700000, 0x000000008b700000|100%| O|  |TAMS 0x000000008b600000| PB 0x000000008b600000| Untracked 
|  35|0x000000008b700000, 0x000000008b800000, 0x000000008b800000|100%| O|  |TAMS 0x000000008b700000| PB 0x000000008b700000| Untracked 
|  36|0x000000008b800000, 0x000000008b900000, 0x000000008b900000|100%| O|  |TAMS 0x000000008b800000| PB 0x000000008b800000| Untracked 
|  37|0x000000008b900000, 0x000000008ba00000, 0x000000008ba00000|100%| O|  |TAMS 0x000000008b900000| PB 0x000000008b900000| Untracked 
|  38|0x000000008ba00000, 0x000000008bb00000, 0x000000008bb00000|100%| O|  |TAMS 0x000000008ba00000| PB 0x000000008ba00000| Untracked 
|  39|0x000000008bb00000, 0x000000008bc00000, 0x000000008bc00000|100%| O|  |TAMS 0x000000008bb00000| PB 0x000000008bb00000| Untracked 
|  40|0x000000008bc00000, 0x000000008bd00000, 0x000000008bd00000|100%| O|  |TAMS 0x000000008bc00000| PB 0x000000008bc00000| Untracked 
|  41|0x000000008bd00000, 0x000000008be00000, 0x000000008be00000|100%| O|  |TAMS 0x000000008bd00000| PB 0x000000008bd00000| Untracked 
|  42|0x000000008be00000, 0x000000008bf00000, 0x000000008bf00000|100%| O|  |TAMS 0x000000008be00000| PB 0x000000008be00000| Untracked 
|  43|0x000000008bf00000, 0x000000008c000000, 0x000000008c000000|100%| O|  |TAMS 0x000000008bf00000| PB 0x000000008bf00000| Untracked 
|  44|0x000000008c000000, 0x000000008c100000, 0x000000008c100000|100%| O|  |TAMS 0x000000008c000000| PB 0x000000008c000000| Untracked 
|  45|0x000000008c100000, 0x000000008c200000, 0x000000008c200000|100%| O|  |TAMS 0x000000008c100000| PB 0x000000008c100000| Untracked 
|  46|0x000000008c200000, 0x000000008c300000, 0x000000008c300000|100%| O|  |TAMS 0x000000008c200000| PB 0x000000008c200000| Untracked 
|  47|0x000000008c300000, 0x000000008c400000, 0x000000008c400000|100%| O|  |TAMS 0x000000008c300000| PB 0x000000008c300000| Untracked 
|  48|0x000000008c400000, 0x000000008c500000, 0x000000008c500000|100%| O|  |TAMS 0x000000008c400000| PB 0x000000008c400000| Untracked 
|  49|0x000000008c500000, 0x000000008c600000, 0x000000008c600000|100%| O|  |TAMS 0x000000008c500000| PB 0x000000008c500000| Untracked 
|  50|0x000000008c600000, 0x000000008c700000, 0x000000008c700000|100%| O|  |TAMS 0x000000008c600000| PB 0x000000008c600000| Untracked 
|  51|0x000000008c700000, 0x000000008c800000, 0x000000008c800000|100%| O|  |TAMS 0x000000008c700000| PB 0x000000008c700000| Untracked 
|  52|0x000000008c800000, 0x000000008c900000, 0x000000008c900000|100%| O|  |TAMS 0x000000008c800000| PB 0x000000008c800000| Untracked 
|  53|0x000000008c900000, 0x000000008ca00000, 0x000000008ca00000|100%| O|  |TAMS 0x000000008c900000| PB 0x000000008c900000| Untracked 
|  54|0x000000008ca00000, 0x000000008cb00000, 0x000000008cb00000|100%| O|  |TAMS 0x000000008ca00000| PB 0x000000008ca00000| Untracked 
|  55|0x000000008cb00000, 0x000000008cc00000, 0x000000008cc00000|100%| O|  |TAMS 0x000000008cb00000| PB 0x000000008cb00000| Untracked 
|  56|0x000000008cc00000, 0x000000008cd00000, 0x000000008cd00000|100%| O|  |TAMS 0x000000008cc00000| PB 0x000000008cc00000| Untracked 
|  57|0x000000008cd00000, 0x000000008ce00000, 0x000000008ce00000|100%| O|  |TAMS 0x000000008cd00000| PB 0x000000008cd00000| Untracked 
|  58|0x000000008ce00000, 0x000000008cf00000, 0x000000008cf00000|100%| O|  |TAMS 0x000000008ce00000| PB 0x000000008ce00000| Untracked 
|  59|0x000000008cf00000, 0x000000008d000000, 0x000000008d000000|100%| O|  |TAMS 0x000000008cf00000| PB 0x000000008cf00000| Untracked 
|  60|0x000000008d000000, 0x000000008d100000, 0x000000008d100000|100%| O|  |TAMS 0x000000008d000000| PB 0x000000008d000000| Untracked 
|  61|0x000000008d100000, 0x000000008d200000, 0x000000008d200000|100%| O|  |TAMS 0x000000008d100000| PB 0x000000008d100000| Untracked 
|  62|0x000000008d200000, 0x000000008d300000, 0x000000008d300000|100%| O|  |TAMS 0x000000008d200000| PB 0x000000008d200000| Untracked 
|  63|0x000000008d300000, 0x000000008d400000, 0x000000008d400000|100%| O|  |TAMS 0x000000008d300000| PB 0x000000008d300000| Untracked 
|  64|0x000000008d400000, 0x000000008d500000, 0x000000008d500000|100%| O|  |TAMS 0x000000008d400000| PB 0x000000008d400000| Untracked 
|  65|0x000000008d500000, 0x000000008d600000, 0x000000008d600000|100%| O|  |TAMS 0x000000008d500000| PB 0x000000008d500000| Untracked 
|  66|0x000000008d600000, 0x000000008d700000, 0x000000008d700000|100%| O|Cm|TAMS 0x000000008d600000| PB 0x000000008d600000| Complete 
|  67|0x000000008d700000, 0x000000008d800000, 0x000000008d800000|100%| O|  |TAMS 0x000000008d700000| PB 0x000000008d700000| Untracked 
|  68|0x000000008d800000, 0x000000008d900000, 0x000000008d900000|100%| O|  |TAMS 0x000000008d800000| PB 0x000000008d800000| Untracked 
|  69|0x000000008d900000, 0x000000008da00000, 0x000000008da00000|100%| O|  |TAMS 0x000000008d900000| PB 0x000000008d900000| Untracked 
|  70|0x000000008da00000, 0x000000008db00000, 0x000000008db00000|100%| O|  |TAMS 0x000000008da00000| PB 0x000000008da00000| Untracked 
|  71|0x000000008db00000, 0x000000008dc00000, 0x000000008dc00000|100%| O|  |TAMS 0x000000008db00000| PB 0x000000008db00000| Untracked 
|  72|0x000000008dc00000, 0x000000008dd00000, 0x000000008dd00000|100%| O|Cm|TAMS 0x000000008dc00000| PB 0x000000008dc00000| Complete 
|  73|0x000000008dd00000, 0x000000008de00000, 0x000000008de00000|100%| O|  |TAMS 0x000000008dd00000| PB 0x000000008dd00000| Untracked 
|  74|0x000000008de00000, 0x000000008df00000, 0x000000008df00000|100%| O|  |TAMS 0x000000008de00000| PB 0x000000008de00000| Untracked 
|  75|0x000000008df00000, 0x000000008e000000, 0x000000008e000000|100%| O|  |TAMS 0x000000008df00000| PB 0x000000008df00000| Untracked 
|  76|0x000000008e000000, 0x000000008e100000, 0x000000008e100000|100%| O|  |TAMS 0x000000008e000000| PB 0x000000008e000000| Untracked 
|  77|0x000000008e100000, 0x000000008e200000, 0x000000008e200000|100%| O|  |TAMS 0x000000008e100000| PB 0x000000008e100000| Untracked 
|  78|0x000000008e200000, 0x000000008e300000, 0x000000008e300000|100%| O|  |TAMS 0x000000008e200000| PB 0x000000008e200000| Untracked 
|  79|0x000000008e300000, 0x000000008e400000, 0x000000008e400000|100%| O|  |TAMS 0x000000008e300000| PB 0x000000008e300000| Untracked 
|  80|0x000000008e400000, 0x000000008e500000, 0x000000008e500000|100%| O|  |TAMS 0x000000008e400000| PB 0x000000008e400000| Untracked 
|  81|0x000000008e500000, 0x000000008e600000, 0x000000008e600000|100%| O|  |TAMS 0x000000008e500000| PB 0x000000008e500000| Untracked 
|  82|0x000000008e600000, 0x000000008e700000, 0x000000008e700000|100%| O|  |TAMS 0x000000008e600000| PB 0x000000008e600000| Untracked 
|  83|0x000000008e700000, 0x000000008e800000, 0x000000008e800000|100%| O|  |TAMS 0x000000008e700000| PB 0x000000008e700000| Untracked 
|  84|0x000000008e800000, 0x000000008e900000, 0x000000008e900000|100%| O|  |TAMS 0x000000008e800000| PB 0x000000008e800000| Untracked 
|  85|0x000000008e900000, 0x000000008ea00000, 0x000000008ea00000|100%| O|  |TAMS 0x000000008e900000| PB 0x000000008e900000| Untracked 
|  86|0x000000008ea00000, 0x000000008eb00000, 0x000000008eb00000|100%| O|  |TAMS 0x000000008ea00000| PB 0x000000008ea00000| Untracked 
|  87|0x000000008eb00000, 0x000000008ec00000, 0x000000008ec00000|100%| O|  |TAMS 0x000000008eb00000| PB 0x000000008eb00000| Untracked 
|  88|0x000000008ec00000, 0x000000008ed00000, 0x000000008ed00000|100%| O|  |TAMS 0x000000008ec00000| PB 0x000000008ec00000| Untracked 
|  89|0x000000008ed00000, 0x000000008ee00000, 0x000000008ee00000|100%| O|  |TAMS 0x000000008ed00000| PB 0x000000008ed00000| Untracked 
|  90|0x000000008ee00000, 0x000000008ef00000, 0x000000008ef00000|100%| O|  |TAMS 0x000000008ee00000| PB 0x000000008ee00000| Untracked 
|  91|0x000000008ef00000, 0x000000008f000000, 0x000000008f000000|100%| O|  |TAMS 0x000000008ef00000| PB 0x000000008ef00000| Untracked 
|  92|0x000000008f000000, 0x000000008f100000, 0x000000008f100000|100%| O|  |TAMS 0x000000008f000000| PB 0x000000008f000000| Untracked 
|  93|0x000000008f100000, 0x000000008f200000, 0x000000008f200000|100%| O|  |TAMS 0x000000008f100000| PB 0x000000008f100000| Untracked 
|  94|0x000000008f200000, 0x000000008f300000, 0x000000008f300000|100%| O|  |TAMS 0x000000008f200000| PB 0x000000008f200000| Untracked 
|  95|0x000000008f300000, 0x000000008f400000, 0x000000008f400000|100%| O|  |TAMS 0x000000008f300000| PB 0x000000008f300000| Untracked 
|  96|0x000000008f400000, 0x000000008f46d890, 0x000000008f500000| 42%| O|  |TAMS 0x000000008f400000| PB 0x000000008f400000| Untracked 
|  97|0x000000008f500000, 0x000000008f500000, 0x000000008f600000|  0%| F|  |TAMS 0x000000008f500000| PB 0x000000008f500000| Untracked 
|  98|0x000000008f600000, 0x000000008f600000, 0x000000008f700000|  0%| F|  |TAMS 0x000000008f600000| PB 0x000000008f600000| Untracked 
|  99|0x000000008f700000, 0x000000008f700000, 0x000000008f800000|  0%| F|  |TAMS 0x000000008f700000| PB 0x000000008f700000| Untracked 
| 100|0x000000008f800000, 0x000000008f800000, 0x000000008f900000|  0%| F|  |TAMS 0x000000008f800000| PB 0x000000008f800000| Untracked 
| 101|0x000000008f900000, 0x000000008f900000, 0x000000008fa00000|  0%| F|  |TAMS 0x000000008f900000| PB 0x000000008f900000| Untracked 
| 102|0x000000008fa00000, 0x000000008fa00000, 0x000000008fb00000|  0%| F|  |TAMS 0x000000008fa00000| PB 0x000000008fa00000| Untracked 
| 103|0x000000008fb00000, 0x000000008fb00000, 0x000000008fc00000|  0%| F|  |TAMS 0x000000008fb00000| PB 0x000000008fb00000| Untracked 
| 104|0x000000008fc00000, 0x000000008fc00000, 0x000000008fd00000|  0%| F|  |TAMS 0x000000008fc00000| PB 0x000000008fc00000| Untracked 
| 105|0x000000008fd00000, 0x000000008fd00000, 0x000000008fe00000|  0%| F|  |TAMS 0x000000008fd00000| PB 0x000000008fd00000| Untracked 
| 106|0x000000008fe00000, 0x000000008fe00000, 0x000000008ff00000|  0%| F|  |TAMS 0x000000008fe00000| PB 0x000000008fe00000| Untracked 
| 107|0x000000008ff00000, 0x000000008ff00000, 0x0000000090000000|  0%| F|  |TAMS 0x000000008ff00000| PB 0x000000008ff00000| Untracked 
| 108|0x0000000090000000, 0x0000000090000000, 0x0000000090100000|  0%| F|  |TAMS 0x0000000090000000| PB 0x0000000090000000| Untracked 
| 109|0x0000000090100000, 0x0000000090100000, 0x0000000090200000|  0%| F|  |TAMS 0x0000000090100000| PB 0x0000000090100000| Untracked 
| 110|0x0000000090200000, 0x0000000090200000, 0x0000000090300000|  0%| F|  |TAMS 0x0000000090200000| PB 0x0000000090200000| Untracked 
| 111|0x0000000090300000, 0x0000000090300000, 0x0000000090400000|  0%| F|  |TAMS 0x0000000090300000| PB 0x0000000090300000| Untracked 
| 112|0x0000000090400000, 0x0000000090400000, 0x0000000090500000|  0%| F|  |TAMS 0x0000000090400000| PB 0x0000000090400000| Untracked 
| 113|0x0000000090500000, 0x0000000090500000, 0x0000000090600000|  0%| F|  |TAMS 0x0000000090500000| PB 0x0000000090500000| Untracked 
| 114|0x0000000090600000, 0x0000000090600000, 0x0000000090700000|  0%| F|  |TAMS 0x0000000090600000| PB 0x0000000090600000| Untracked 
| 115|0x0000000090700000, 0x0000000090700000, 0x0000000090800000|  0%| F|  |TAMS 0x0000000090700000| PB 0x0000000090700000| Untracked 
| 116|0x0000000090800000, 0x0000000090800000, 0x0000000090900000|  0%| F|  |TAMS 0x0000000090800000| PB 0x0000000090800000| Untracked 
| 117|0x0000000090900000, 0x0000000090900000, 0x0000000090a00000|  0%| F|  |TAMS 0x0000000090900000| PB 0x0000000090900000| Untracked 
| 118|0x0000000090a00000, 0x0000000090a00000, 0x0000000090b00000|  0%| F|  |TAMS 0x0000000090a00000| PB 0x0000000090a00000| Untracked 
| 119|0x0000000090b00000, 0x0000000090b00000, 0x0000000090c00000|  0%| F|  |TAMS 0x0000000090b00000| PB 0x0000000090b00000| Untracked 
| 120|0x0000000090c00000, 0x0000000090d00000, 0x0000000090d00000|100%| S|CS|TAMS 0x0000000090c00000| PB 0x0000000090c00000| Complete 
| 121|0x0000000090d00000, 0x0000000090e00000, 0x0000000090e00000|100%| S|CS|TAMS 0x0000000090d00000| PB 0x0000000090d00000| Complete 
| 122|0x0000000090e00000, 0x0000000090f00000, 0x0000000090f00000|100%| S|CS|TAMS 0x0000000090e00000| PB 0x0000000090e00000| Complete 
| 123|0x0000000090f00000, 0x0000000091000000, 0x0000000091000000|100%| S|CS|TAMS 0x0000000090f00000| PB 0x0000000090f00000| Complete 
| 124|0x0000000091000000, 0x0000000091100000, 0x0000000091100000|100%| S|CS|TAMS 0x0000000091000000| PB 0x0000000091000000| Complete 
| 125|0x0000000091100000, 0x0000000091100000, 0x0000000091200000|  0%| F|  |TAMS 0x0000000091100000| PB 0x0000000091100000| Untracked 
| 126|0x0000000091200000, 0x0000000091200000, 0x0000000091300000|  0%| F|  |TAMS 0x0000000091200000| PB 0x0000000091200000| Untracked 
| 127|0x0000000091300000, 0x0000000091300000, 0x0000000091400000|  0%| F|  |TAMS 0x0000000091300000| PB 0x0000000091300000| Untracked 
| 128|0x0000000091400000, 0x0000000091400000, 0x0000000091500000|  0%| F|  |TAMS 0x0000000091400000| PB 0x0000000091400000| Untracked 
| 129|0x0000000091500000, 0x0000000091500000, 0x0000000091600000|  0%| F|  |TAMS 0x0000000091500000| PB 0x0000000091500000| Untracked 
| 130|0x0000000091600000, 0x0000000091600000, 0x0000000091700000|  0%| F|  |TAMS 0x0000000091600000| PB 0x0000000091600000| Untracked 
| 131|0x0000000091700000, 0x0000000091700000, 0x0000000091800000|  0%| F|  |TAMS 0x0000000091700000| PB 0x0000000091700000| Untracked 
| 132|0x0000000091800000, 0x0000000091800000, 0x0000000091900000|  0%| F|  |TAMS 0x0000000091800000| PB 0x0000000091800000| Untracked 
| 133|0x0000000091900000, 0x0000000091900000, 0x0000000091a00000|  0%| F|  |TAMS 0x0000000091900000| PB 0x0000000091900000| Untracked 
| 134|0x0000000091a00000, 0x0000000091a00000, 0x0000000091b00000|  0%| F|  |TAMS 0x0000000091a00000| PB 0x0000000091a00000| Untracked 
| 135|0x0000000091b00000, 0x0000000091b00000, 0x0000000091c00000|  0%| F|  |TAMS 0x0000000091b00000| PB 0x0000000091b00000| Untracked 
| 136|0x0000000091c00000, 0x0000000091c00000, 0x0000000091d00000|  0%| F|  |TAMS 0x0000000091c00000| PB 0x0000000091c00000| Untracked 
| 137|0x0000000091d00000, 0x0000000091d00000, 0x0000000091e00000|  0%| F|  |TAMS 0x0000000091d00000| PB 0x0000000091d00000| Untracked 
| 138|0x0000000091e00000, 0x0000000091e00000, 0x0000000091f00000|  0%| F|  |TAMS 0x0000000091e00000| PB 0x0000000091e00000| Untracked 
| 139|0x0000000091f00000, 0x0000000091f00000, 0x0000000092000000|  0%| F|  |TAMS 0x0000000091f00000| PB 0x0000000091f00000| Untracked 
| 140|0x0000000092000000, 0x0000000092000000, 0x0000000092100000|  0%| F|  |TAMS 0x0000000092000000| PB 0x0000000092000000| Untracked 
| 141|0x0000000092100000, 0x0000000092100000, 0x0000000092200000|  0%| F|  |TAMS 0x0000000092100000| PB 0x0000000092100000| Untracked 
| 142|0x0000000092200000, 0x0000000092200000, 0x0000000092300000|  0%| F|  |TAMS 0x0000000092200000| PB 0x0000000092200000| Untracked 
| 143|0x0000000092300000, 0x0000000092300000, 0x0000000092400000|  0%| F|  |TAMS 0x0000000092300000| PB 0x0000000092300000| Untracked 
| 144|0x0000000092400000, 0x0000000092400000, 0x0000000092500000|  0%| F|  |TAMS 0x0000000092400000| PB 0x0000000092400000| Untracked 
| 145|0x0000000092500000, 0x0000000092500000, 0x0000000092600000|  0%| F|  |TAMS 0x0000000092500000| PB 0x0000000092500000| Untracked 
| 146|0x0000000092600000, 0x0000000092600000, 0x0000000092700000|  0%| F|  |TAMS 0x0000000092600000| PB 0x0000000092600000| Untracked 
| 147|0x0000000092700000, 0x0000000092700000, 0x0000000092800000|  0%| F|  |TAMS 0x0000000092700000| PB 0x0000000092700000| Untracked 
| 148|0x0000000092800000, 0x0000000092900000, 0x0000000092900000|100%| E|  |TAMS 0x0000000092800000| PB 0x0000000092800000| Complete 
| 149|0x0000000092900000, 0x0000000092a00000, 0x0000000092a00000|100%| E|CS|TAMS 0x0000000092900000| PB 0x0000000092900000| Complete 
| 150|0x0000000092a00000, 0x0000000092b00000, 0x0000000092b00000|100%| E|CS|TAMS 0x0000000092a00000| PB 0x0000000092a00000| Complete 
| 151|0x0000000092b00000, 0x0000000092c00000, 0x0000000092c00000|100%| E|CS|TAMS 0x0000000092b00000| PB 0x0000000092b00000| Complete 
| 152|0x0000000092c00000, 0x0000000092d00000, 0x0000000092d00000|100%| E|CS|TAMS 0x0000000092c00000| PB 0x0000000092c00000| Complete 
| 153|0x0000000092d00000, 0x0000000092e00000, 0x0000000092e00000|100%| E|CS|TAMS 0x0000000092d00000| PB 0x0000000092d00000| Complete 
| 154|0x0000000092e00000, 0x0000000092f00000, 0x0000000092f00000|100%| E|CS|TAMS 0x0000000092e00000| PB 0x0000000092e00000| Complete 
| 155|0x0000000092f00000, 0x0000000093000000, 0x0000000093000000|100%| E|CS|TAMS 0x0000000092f00000| PB 0x0000000092f00000| Complete 
| 156|0x0000000093000000, 0x0000000093100000, 0x0000000093100000|100%| E|CS|TAMS 0x0000000093000000| PB 0x0000000093000000| Complete 
|1897|0x00000000ffd00000, 0x00000000ffe00000, 0x00000000ffe00000|100%| E|CS|TAMS 0x00000000ffd00000| PB 0x00000000ffd00000| Complete 
|1898|0x00000000ffe00000, 0x00000000fff00000, 0x00000000fff00000|100%| O|  |TAMS 0x00000000ffe00000| PB 0x00000000ffe00000| Untracked 
|1899|0x00000000fff00000, 0x0000000100000000, 0x0000000100000000|100%| O|  |TAMS 0x00000000fff00000| PB 0x00000000fff00000| Untracked 

Card table byte_map: [0x000001df7acc0000,0x000001df7b080000] _byte_map_base: 0x000001df7a876000

Marking Bits: (CMBitMap*) 0x000001df76f7bd50
 Bits: [0x000001df7b080000, 0x000001df7ce30000)

Polling page: 0x000001df74ed0000

Metaspace:

Usage:
  Non-class:     52.07 MB used.
      Class:      6.39 MB used.
       Both:     58.47 MB used.

Virtual space:
  Non-class space:       64.00 MB reserved,      52.25 MB ( 82%) committed,  1 nodes.
      Class space:        1.00 GB reserved,       6.50 MB ( <1%) committed,  1 nodes.
             Both:        1.06 GB reserved,      58.75 MB (  5%) committed. 

Chunk freelists:
   Non-Class:  11.08 MB
       Class:  9.44 MB
        Both:  20.52 MB

MaxMetaspaceSize: unlimited
CompressedClassSpaceSize: 1.00 GB
Initial GC threshold: 21.00 MB
Current GC threshold: 96.19 MB
CDS: off
 - commit_granule_bytes: 65536.
 - commit_granule_words: 8192.
 - virtual_space_node_default_size: 8388608.
 - enlarge_chunks_in_place: 1.
 - use_allocation_guard: 0.


Internal statistics:

num_allocs_failed_limit: 6.
num_arena_births: 318.
num_arena_deaths: 0.
num_vsnodes_births: 2.
num_vsnodes_deaths: 0.
num_space_committed: 940.
num_space_uncommitted: 0.
num_chunks_returned_to_freelist: 6.
num_chunks_taken_from_freelist: 2157.
num_chunk_merges: 6.
num_chunk_splits: 1754.
num_chunks_enlarged: 1575.
num_inconsistent_stats: 0.

CodeHeap 'non-profiled nmethods': size=119168Kb used=4281Kb max_used=4281Kb free=114886Kb
 bounds [0x000001df07ba0000, 0x000001df07fd0000, 0x000001df0f000000]
CodeHeap 'profiled nmethods': size=119104Kb used=22441Kb max_used=22441Kb free=96662Kb
 bounds [0x000001df00000000, 0x000001df015f0000, 0x000001df07450000]
CodeHeap 'non-nmethods': size=7488Kb used=3328Kb max_used=3362Kb free=4159Kb
 bounds [0x000001df07450000, 0x000001df077a0000, 0x000001df07ba0000]
 total_blobs=7731 nmethods=7044 adapters=587
 compilation: enabled
              stopped_count=0, restarted_count=0
 full_count=0

Compilation events (20 events):
Event: 16.451 Thread 0x000001df130be9e0 7907       3       org.jetbrains.kotlin.fir.scopes.FirScopeKt$getProperties$1$1::<init> (7 bytes)
Event: 16.451 Thread 0x000001df130be9e0 nmethod 7907 0x000001df015ae590 code [0x000001df015ae740, 0x000001df015ae888]
Event: 16.467 Thread 0x000001df1593afd0 7909       3       org.jetbrains.kotlin.types.TypeCheckerState::addSubtypeConstraint (14 bytes)
Event: 16.468 Thread 0x000001df1593afd0 nmethod 7909 0x000001df015ae910 code [0x000001df015aeba0, 0x000001df015af558]
Event: 16.473 Thread 0x000001df1593afd0 7910       3       org.jetbrains.kotlin.fir.scopes.FirScopeKt::getProperties (47 bytes)
Event: 16.474 Thread 0x000001df1593afd0 nmethod 7910 0x000001df015af910 code [0x000001df015afc00, 0x000001df015b09d0]
Event: 17.000 Thread 0x000001df1593afd0 7911       1       org.jetbrains.kotlin.load.java.structure.impl.classFiles.BinaryJavaClass::setAccess (6 bytes)
Event: 17.001 Thread 0x000001df1593afd0 nmethod 7911 0x000001df07fccc10 code [0x000001df07fccda0, 0x000001df07fcce68]
Event: 17.025 Thread 0x000001df1593a900 nmethod 7888 0x000001df015b0f90 code [0x000001df015b3420, 0x000001df015ca870]
Event: 17.032 Thread 0x000001df169d7880 nmethod 7906 0x000001df07fccf10 code [0x000001df07fcd0e0, 0x000001df07fcd5f0]
Event: 17.032 Thread 0x000001df169d7880 7908       4       org.jetbrains.kotlin.builtins.jvm.JavaToKotlinClassMap::isKotlinFunctionWithBigArity (89 bytes)
Event: 17.032 Thread 0x000001df1593a900 7912       3       org.jetbrains.kotlin.load.java.structure.impl.classFiles.BinaryJavaClass::isAnnotationType (8 bytes)
Event: 17.033 Thread 0x000001df1593a900 nmethod 7912 0x000001df015d3d90 code [0x000001df015d3f40, 0x000001df015d41f0]
Event: 17.049 Thread 0x000001df1593a900 7913       3       org.jetbrains.kotlin.name.ClassId::getOutermostClassId (37 bytes)
Event: 17.051 Thread 0x000001df1593a900 nmethod 7913 0x000001df015d4310 code [0x000001df015d4500, 0x000001df015d4968]
Event: 17.051 Thread 0x000001df169d7880 nmethod 7908 0x000001df07fcda10 code [0x000001df07fcdc00, 0x000001df07fce230]
Event: 17.064 Thread 0x000001df1593afd0 7914       3       org.jetbrains.kotlin.fir.java.scopes.JavaOverrideChecker::isEqualTypes (164 bytes)
Event: 17.066 Thread 0x000001df1593afd0 nmethod 7914 0x000001df015d4b90 code [0x000001df015d4e20, 0x000001df015d59e8]
Event: 17.079 Thread 0x000001df130be9e0 7915       3       org.jetbrains.kotlin.fir.java.scopes.JavaOverrideChecker::isOverriddenFunction (160 bytes)
Event: 17.079 Thread 0x000001df1593afd0 7916       3       org.jetbrains.kotlin.fir.java.scopes.JavaOverrideChecker::hasSameValueParameterTypes (651 bytes)

GC Heap History (20 events):
Event: 6.038 GC heap before
{Heap before GC invocations=15 (full 0):
 garbage-first heap   total 72704K, used 59392K [0x0000000089400000, 0x0000000100000000)
  region size 1024K, 24 young (24576K), 4 survivors (4096K)
 Metaspace       used 53005K, committed 53312K, reserved 1114112K
  class space    used 6007K, committed 6144K, reserved 1048576K
}
Event: 6.053 GC heap after
{Heap after GC invocations=16 (full 0):
 garbage-first heap   total 72704K, used 43520K [0x0000000089400000, 0x0000000100000000)
  region size 1024K, 3 young (3072K), 3 survivors (3072K)
 Metaspace       used 53005K, committed 53312K, reserved 1114112K
  class space    used 6007K, committed 6144K, reserved 1048576K
}
Event: 6.261 GC heap before
{Heap before GC invocations=17 (full 0):
 garbage-first heap   total 73728K, used 62976K [0x0000000089400000, 0x0000000100000000)
  region size 1024K, 21 young (21504K), 3 survivors (3072K)
 Metaspace       used 53183K, committed 53504K, reserved 1114112K
  class space    used 6043K, committed 6208K, reserved 1048576K
}
Event: 6.286 GC heap after
{Heap after GC invocations=18 (full 0):
 garbage-first heap   total 73728K, used 51129K [0x0000000089400000, 0x0000000100000000)
  region size 1024K, 3 young (3072K), 3 survivors (3072K)
 Metaspace       used 53183K, committed 53504K, reserved 1114112K
  class space    used 6043K, committed 6208K, reserved 1048576K
}
Event: 7.201 GC heap before
{Heap before GC invocations=18 (full 0):
 garbage-first heap   total 73728K, used 64441K [0x0000000089400000, 0x0000000100000000)
  region size 1024K, 16 young (16384K), 3 survivors (3072K)
 Metaspace       used 53349K, committed 53632K, reserved 1114112K
  class space    used 6074K, committed 6208K, reserved 1048576K
}
Event: 7.217 GC heap after
{Heap after GC invocations=19 (full 0):
 garbage-first heap   total 114688K, used 55808K [0x0000000089400000, 0x0000000100000000)
  region size 1024K, 2 young (2048K), 2 survivors (2048K)
 Metaspace       used 53349K, committed 53632K, reserved 1114112K
  class space    used 6074K, committed 6208K, reserved 1048576K
}
Event: 9.281 GC heap before
{Heap before GC invocations=19 (full 0):
 garbage-first heap   total 114688K, used 90624K [0x0000000089400000, 0x0000000100000000)
  region size 1024K, 36 young (36864K), 2 survivors (2048K)
 Metaspace       used 55264K, committed 55552K, reserved 1114112K
  class space    used 6221K, committed 6336K, reserved 1048576K
}
Event: 9.306 GC heap after
{Heap after GC invocations=20 (full 0):
 garbage-first heap   total 114688K, used 61952K [0x0000000089400000, 0x0000000100000000)
  region size 1024K, 5 young (5120K), 5 survivors (5120K)
 Metaspace       used 55264K, committed 55552K, reserved 1114112K
  class space    used 6221K, committed 6336K, reserved 1048576K
}
Event: 10.544 GC heap before
{Heap before GC invocations=20 (full 0):
 garbage-first heap   total 114688K, used 92672K [0x0000000089400000, 0x0000000100000000)
  region size 1024K, 35 young (35840K), 5 survivors (5120K)
 Metaspace       used 55668K, committed 56000K, reserved 1114112K
  class space    used 6242K, committed 6400K, reserved 1048576K
}
Event: 10.573 GC heap after
{Heap after GC invocations=21 (full 0):
 garbage-first heap   total 114688K, used 68608K [0x0000000089400000, 0x0000000100000000)
  region size 1024K, 5 young (5120K), 5 survivors (5120K)
 Metaspace       used 55668K, committed 56000K, reserved 1114112K
  class space    used 6242K, committed 6400K, reserved 1048576K
}
Event: 10.685 GC heap before
{Heap before GC invocations=21 (full 0):
 garbage-first heap   total 114688K, used 97280K [0x0000000089400000, 0x0000000100000000)
  region size 1024K, 33 young (33792K), 5 survivors (5120K)
 Metaspace       used 55668K, committed 56000K, reserved 1114112K
  class space    used 6242K, committed 6400K, reserved 1048576K
}
Event: 10.711 GC heap after
{Heap after GC invocations=22 (full 0):
 garbage-first heap   total 114688K, used 75776K [0x0000000089400000, 0x0000000100000000)
  region size 1024K, 5 young (5120K), 5 survivors (5120K)
 Metaspace       used 55668K, committed 56000K, reserved 1114112K
  class space    used 6242K, committed 6400K, reserved 1048576K
}
Event: 10.856 GC heap before
{Heap before GC invocations=23 (full 0):
 garbage-first heap   total 124928K, used 98304K [0x0000000089400000, 0x0000000100000000)
  region size 1024K, 28 young (28672K), 5 survivors (5120K)
 Metaspace       used 55668K, committed 56000K, reserved 1114112K
  class space    used 6242K, committed 6400K, reserved 1048576K
}
Event: 10.874 GC heap after
{Heap after GC invocations=24 (full 0):
 garbage-first heap   total 150528K, used 80896K [0x0000000089400000, 0x0000000100000000)
  region size 1024K, 4 young (4096K), 4 survivors (4096K)
 Metaspace       used 55668K, committed 56000K, reserved 1114112K
  class space    used 6242K, committed 6400K, reserved 1048576K
}
Event: 11.076 GC heap before
{Heap before GC invocations=24 (full 0):
 garbage-first heap   total 150528K, used 123904K [0x0000000089400000, 0x0000000100000000)
  region size 1024K, 46 young (47104K), 4 survivors (4096K)
 Metaspace       used 55668K, committed 56000K, reserved 1114112K
  class space    used 6242K, committed 6400K, reserved 1048576K
}
Event: 11.091 GC heap after
{Heap after GC invocations=25 (full 0):
 garbage-first heap   total 150528K, used 90624K [0x0000000089400000, 0x0000000100000000)
  region size 1024K, 6 young (6144K), 6 survivors (6144K)
 Metaspace       used 55668K, committed 56000K, reserved 1114112K
  class space    used 6242K, committed 6400K, reserved 1048576K
}
Event: 12.539 GC heap before
{Heap before GC invocations=25 (full 0):
 garbage-first heap   total 150528K, used 127488K [0x0000000089400000, 0x0000000100000000)
  region size 1024K, 42 young (43008K), 6 survivors (6144K)
 Metaspace       used 58673K, committed 58944K, reserved 1114112K
  class space    used 6503K, committed 6656K, reserved 1048576K
}
Event: 12.562 GC heap after
{Heap after GC invocations=26 (full 0):
 garbage-first heap   total 150528K, used 97792K [0x0000000089400000, 0x0000000100000000)
  region size 1024K, 6 young (6144K), 6 survivors (6144K)
 Metaspace       used 58673K, committed 58944K, reserved 1114112K
  class space    used 6503K, committed 6656K, reserved 1048576K
}
Event: 15.343 GC heap before
{Heap before GC invocations=27 (full 0):
 garbage-first heap   total 163840K, used 131584K [0x0000000089400000, 0x0000000100000000)
  region size 1024K, 39 young (39936K), 6 survivors (6144K)
 Metaspace       used 59668K, committed 59968K, reserved 1114112K
  class space    used 6546K, committed 6656K, reserved 1048576K
}
Event: 15.358 GC heap after
{Heap after GC invocations=28 (full 0):
 garbage-first heap   total 163840K, used 105910K [0x0000000089400000, 0x0000000100000000)
  region size 1024K, 5 young (5120K), 5 survivors (5120K)
 Metaspace       used 59668K, committed 59968K, reserved 1114112K
  class space    used 6546K, committed 6656K, reserved 1048576K
}

Dll operation events (3 events):
Event: 0.016 Loaded shared library C:\Program Files\Android\Android Studio\jbr\bin\java.dll
Event: 0.023 Loaded shared library C:\Program Files\Android\Android Studio\jbr\bin\zip.dll
Event: 1.745 Loaded shared library C:\Program Files\Android\Android Studio\jbr\bin\verify.dll

Deoptimization events (20 events):
Event: 15.299 Thread 0x000001df74b93560 DEOPT PACKING pc=0x000001df07f03224 sp=0x0000002c993fbf70
Event: 15.299 Thread 0x000001df74b93560 DEOPT UNPACKING pc=0x000001df074a46a2 sp=0x0000002c993fbf08 mode 2
Event: 15.299 Thread 0x000001df74b93560 Uncommon trap: trap_request=0xffffff45 fr.pc=0x000001df07e4d730 relative=0x0000000000000170
Event: 15.299 Thread 0x000001df74b93560 Uncommon trap: reason=unstable_if action=reinterpret pc=0x000001df07e4d730 method=org.jetbrains.kotlin.fir.types.ConeTypeUtilsKt.getConstructor(Lorg/jetbrains/kotlin/fir/types/ConeSimpleKotlinType;)Lorg/jetbrains/kotlin/types/model/TypeConstructorMarker; 
Event: 15.299 Thread 0x000001df74b93560 DEOPT PACKING pc=0x000001df07e4d730 sp=0x0000002c993fbf60
Event: 15.299 Thread 0x000001df74b93560 DEOPT UNPACKING pc=0x000001df074a46a2 sp=0x0000002c993fbe90 mode 2
Event: 15.343 Thread 0x000001df74b93560 Uncommon trap: trap_request=0xffffff45 fr.pc=0x000001df07ebeec0 relative=0x00000000000036e0
Event: 15.343 Thread 0x000001df74b93560 Uncommon trap: reason=unstable_if action=reinterpret pc=0x000001df07ebeec0 method=org.jetbrains.org.objectweb.asm.ClassReader.readMethod(Lorg/jetbrains/org/objectweb/asm/ClassVisitor;Lorg/jetbrains/org/objectweb/asm/Context;I)I @ 595 c2
Event: 15.343 Thread 0x000001df74b93560 DEOPT PACKING pc=0x000001df07ebeec0 sp=0x0000002c993faa60
Event: 15.343 Thread 0x000001df74b93560 DEOPT UNPACKING pc=0x000001df074a46a2 sp=0x0000002c993fa9f8 mode 2
Event: 15.416 Thread 0x000001df74b93560 Uncommon trap: trap_request=0xffffffde fr.pc=0x000001df07e2a818 relative=0x0000000000000e38
Event: 15.416 Thread 0x000001df74b93560 Uncommon trap: reason=class_check action=maybe_recompile pc=0x000001df07e2a818 method=org.jetbrains.org.objectweb.asm.ClassReader.readElementValue(Lorg/jetbrains/org/objectweb/asm/AnnotationVisitor;ILjava/lang/String;[C)I @ 593 c2
Event: 15.416 Thread 0x000001df74b93560 DEOPT PACKING pc=0x000001df07e2a818 sp=0x0000002c993fa3a0
Event: 15.416 Thread 0x000001df74b93560 DEOPT UNPACKING pc=0x000001df074a46a2 sp=0x0000002c993fa2f0 mode 2
Event: 15.416 Thread 0x000001df74b93560 Uncommon trap: trap_request=0xffffffde fr.pc=0x000001df07e2a818 relative=0x0000000000000e38
Event: 15.416 Thread 0x000001df74b93560 Uncommon trap: reason=class_check action=maybe_recompile pc=0x000001df07e2a818 method=org.jetbrains.org.objectweb.asm.ClassReader.readElementValue(Lorg/jetbrains/org/objectweb/asm/AnnotationVisitor;ILjava/lang/String;[C)I @ 593 c2
Event: 15.416 Thread 0x000001df74b93560 DEOPT PACKING pc=0x000001df07e2a818 sp=0x0000002c993fa3a0
Event: 15.416 Thread 0x000001df74b93560 DEOPT UNPACKING pc=0x000001df074a46a2 sp=0x0000002c993fa2f0 mode 2
Event: 16.448 Thread 0x000001df74b93560 DEOPT PACKING pc=0x000001df006a834f sp=0x0000002c993f9bc0
Event: 16.448 Thread 0x000001df74b93560 DEOPT UNPACKING pc=0x000001df074a4e42 sp=0x0000002c993f9080 mode 0

Classes loaded (20 events):
Event: 12.026 Loading class java/text/MessageFormat
Event: 12.027 Loading class java/text/Format
Event: 12.027 Loading class java/text/Format done
Event: 12.027 Loading class java/text/MessageFormat done
Event: 12.027 Loading class java/util/Locale$Category
Event: 12.027 Loading class java/util/Locale$Category done
Event: 12.103 Loading class java/text/ChoiceFormat
Event: 12.104 Loading class java/text/NumberFormat
Event: 12.104 Loading class java/text/NumberFormat done
Event: 12.104 Loading class java/text/ChoiceFormat done
Event: 12.167 Loading class java/util/RegularEnumSet$EnumSetIterator
Event: 12.167 Loading class java/util/RegularEnumSet$EnumSetIterator done
Event: 12.606 Loading class java/util/EnumMap$EntrySet
Event: 12.606 Loading class java/util/EnumMap$EntrySet done
Event: 12.607 Loading class java/util/EnumMap$EntryIterator
Event: 12.607 Loading class java/util/EnumMap$EnumMapIterator
Event: 12.607 Loading class java/util/EnumMap$EnumMapIterator done
Event: 12.607 Loading class java/util/EnumMap$EntryIterator done
Event: 12.607 Loading class java/util/EnumMap$EntryIterator$Entry
Event: 12.607 Loading class java/util/EnumMap$EntryIterator$Entry done

Classes unloaded (0 events):
No events

Classes redefined (0 events):
No events

Internal exceptions (20 events):
Event: 5.604 Thread 0x000001df74b93560 Exception <a 'java/lang/NoSuchMethodError'{0x000000008d2df3b8}: 'java.lang.Object java.lang.invoke.DirectMethodHandle$Holder.newInvokeSpecial(java.lang.Object, java.lang.Object, java.lang.Object, java.lang.Object, int)'> (0x000000008d2df3b8) 
thrown [s\src\hotspot\share\interpreter\linkResolver.cpp, line 784]
Event: 5.606 Thread 0x000001df74b93560 Exception <a 'java/lang/NoSuchMethodError'{0x000000008d2e3800}: 'java.lang.Object java.lang.invoke.DirectMethodHandle$Holder.invokeSpecial(java.lang.Object, java.lang.Object, java.lang.Object, java.lang.Object, java.lang.Object, int)'> (0x000000008d2e3800) 
thrown [s\src\hotspot\share\interpreter\linkResolver.cpp, line 784]
Event: 5.608 Thread 0x000001df74b93560 Exception <a 'java/lang/NoSuchMethodError'{0x000000008d2e7540}: 'java.lang.Object java.lang.invoke.Invokers$Holder.linkToTargetMethod(java.lang.Object, java.lang.Object, java.lang.Object, int, java.lang.Object)'> (0x000000008d2e7540) 
thrown [s\src\hotspot\share\interpreter\linkResolver.cpp, line 784]
Event: 5.641 Thread 0x000001df74b93560 Exception <a 'java/lang/NoSuchMethodError'{0x000000008d12ac20}: 'java.lang.Object java.lang.invoke.DirectMethodHandle$Holder.newInvokeSpecial(java.lang.Object, java.lang.Object, java.lang.Object, java.lang.Object, int, java.lang.Object, java.lang.Object)'> (0x000000008d12ac20) 
thrown [s\src\hotspot\share\interpreter\linkResolver.cpp, line 784]
Event: 5.642 Thread 0x000001df74b93560 Exception <a 'java/lang/NoSuchMethodError'{0x000000008d132e00}: 'java.lang.Object java.lang.invoke.Invokers$Holder.linkToTargetMethod(java.lang.Object, java.lang.Object, java.lang.Object, int, java.lang.Object, java.lang.Object, java.lang.Object)'> (0x000000008d132e00) 
thrown [s\src\hotspot\share\interpreter\linkResolver.cpp, line 784]
Event: 6.017 Thread 0x000001df74b93560 Exception <a 'java/lang/NoSuchMethodError'{0x000000008c5a5b80}: 'java.lang.Object java.lang.invoke.DirectMethodHandle$Holder.newInvokeSpecial(java.lang.Object, java.lang.Object, java.lang.Object, java.lang.Object, java.lang.Object, java.lang.Object, java.lang.Object, java.lang.Object, java.lang.Object)'> (0x000000008c5a5b80) 
thrown [s\src\hotspot\share\interpreter\linkResolver.cpp, line 784]
Event: 6.023 Thread 0x000001df74b93560 Exception <a 'java/lang/NoSuchMethodError'{0x000000008c5b9ce8}: 'java.lang.Object java.lang.invoke.DirectMethodHandle$Holder.newInvokeSpecial(java.lang.Object, java.lang.Object, java.lang.Object, int)'> (0x000000008c5b9ce8) 
thrown [s\src\hotspot\share\interpreter\linkResolver.cpp, line 784]
Event: 6.023 Thread 0x000001df74b93560 Exception <a 'java/lang/NoSuchMethodError'{0x000000008c5bdb68}: 'java.lang.Object java.lang.invoke.DirectMethodHandle$Holder.invokeSpecial(java.lang.Object, java.lang.Object, java.lang.Object, java.lang.Object, int)'> (0x000000008c5bdb68) 
thrown [s\src\hotspot\share\interpreter\linkResolver.cpp, line 784]
Event: 6.024 Thread 0x000001df74b93560 Exception <a 'java/lang/NoSuchMethodError'{0x000000008c5c12c0}: 'java.lang.Object java.lang.invoke.Invokers$Holder.linkToTargetMethod(java.lang.Object, java.lang.Object, int, java.lang.Object)'> (0x000000008c5c12c0) 
thrown [s\src\hotspot\share\interpreter\linkResolver.cpp, line 784]
Event: 6.030 Thread 0x000001df74b93560 Exception <a 'java/lang/NoSuchMethodError'{0x000000008c5d08a8}: 'java.lang.Object java.lang.invoke.DirectMethodHandle$Holder.newInvokeSpecial(java.lang.Object, int, java.lang.Object)'> (0x000000008c5d08a8) 
thrown [s\src\hotspot\share\interpreter\linkResolver.cpp, line 784]
Event: 6.065 Thread 0x000001df74b93560 Exception <a 'java/lang/NoSuchMethodError'{0x00000000ffd10438}: 'java.lang.Object java.lang.invoke.DirectMethodHandle$Holder.invokeSpecial(java.lang.Object, java.lang.Object, int, java.lang.Object, java.lang.Object)'> (0x00000000ffd10438) 
thrown [s\src\hotspot\share\interpreter\linkResolver.cpp, line 784]
Event: 6.075 Thread 0x000001df74b93560 Exception <a 'java/lang/NoSuchMethodError'{0x00000000ffd2ca90}: 'java.lang.Object java.lang.invoke.DirectMethodHandle$Holder.invokeStatic(java.lang.Object, int, java.lang.Object, java.lang.Object)'> (0x00000000ffd2ca90) 
thrown [s\src\hotspot\share\interpreter\linkResolver.cpp, line 784]
Event: 7.157 Thread 0x000001df74b93560 Exception <a 'java/lang/NoSuchMethodError'{0x000000008cd5fd50}: 'java.lang.Object java.lang.invoke.DirectMethodHandle$Holder.invokeStatic(java.lang.Object, java.lang.Object, java.lang.Object, int, java.lang.Object, java.lang.Object)'> (0x000000008cd5fd50) 
thrown [s\src\hotspot\share\interpreter\linkResolver.cpp, line 784]
Event: 8.217 Thread 0x000001df74b93560 Exception <a 'java/lang/NoSuchMethodError'{0x000000008f400088}: 'java.lang.Object java.lang.invoke.DirectMethodHandle$Holder.invokeStatic(java.lang.Object, int, java.lang.Object)'> (0x000000008f400088) 
thrown [s\src\hotspot\share\interpreter\linkResolver.cpp, line 784]
Event: 9.621 Thread 0x000001df74b93560 Exception <a 'java/lang/NoSuchMethodError'{0x000000008fc8abd0}: 'java.lang.Object java.lang.invoke.DirectMethodHandle$Holder.newInvokeSpecial(java.lang.Object, java.lang.Object, java.lang.Object, java.lang.Object, java.lang.Object, int)'> (0x000000008fc8abd0) 
thrown [s\src\hotspot\share\interpreter\linkResolver.cpp, line 784]
Event: 9.623 Thread 0x000001df74b93560 Exception <a 'java/lang/NoSuchMethodError'{0x000000008fc90128}: 'java.lang.Object java.lang.invoke.DirectMethodHandle$Holder.invokeSpecial(java.lang.Object, java.lang.Object, java.lang.Object, java.lang.Object, java.lang.Object, java.lang.Object, int)'> (0x000000008fc90128) 
thrown [s\src\hotspot\share\interpreter\linkResolver.cpp, line 784]
Event: 9.624 Thread 0x000001df74b93560 Exception <a 'java/lang/NoSuchMethodError'{0x000000008fc94f80}: 'java.lang.Object java.lang.invoke.Invokers$Holder.linkToTargetMethod(java.lang.Object, java.lang.Object, java.lang.Object, java.lang.Object, int, java.lang.Object)'> (0x000000008fc94f80) 
thrown [s\src\hotspot\share\interpreter\linkResolver.cpp, line 784]
Event: 12.608 Thread 0x000001df74b93560 Implicit null exception at 0x000001df07db21e3 to 0x000001df07db2358
Event: 15.082 Thread 0x000001df74b93560 Exception <a 'java/lang/NoSuchMethodError'{0x00000000920d71f8}: 'java.lang.Object java.lang.invoke.DirectMethodHandle$Holder.invokeSpecial(java.lang.Object, java.lang.Object, java.lang.Object, int, java.lang.Object, java.lang.Object, java.lang.Object)'> (0x00000000920d71f8) 
thrown [s\src\hotspot\share\interpreter\linkResolver.cpp, line 784]
Event: 15.082 Thread 0x000001df74b93560 Exception <a 'java/lang/NoSuchMethodError'{0x00000000920da870}: 'java.lang.Object java.lang.invoke.Invokers$Holder.linkToTargetMethod(java.lang.Object, int, java.lang.Object, java.lang.Object, java.lang.Object, java.lang.Object)'> (0x00000000920da870) 
thrown [s\src\hotspot\share\interpreter\linkResolver.cpp, line 784]

ZGC Phase Switch (0 events):
No events

VM Operations (20 events):
Event: 12.539 Executing VM operation: G1CollectForAllocation (G1 Evacuation Pause)
Event: 12.562 Executing VM operation: G1CollectForAllocation (G1 Evacuation Pause) done
Event: 12.588 Executing VM operation: HandshakeAllThreads (Deoptimize)
Event: 12.588 Executing VM operation: HandshakeAllThreads (Deoptimize) done
Event: 12.626 Executing VM operation: G1PauseRemark
Event: 12.640 Executing VM operation: G1PauseRemark done
Event: 12.674 Executing VM operation: G1PauseCleanup
Event: 12.675 Executing VM operation: G1PauseCleanup done
Event: 13.470 Executing VM operation: ICBufferFull
Event: 13.470 Executing VM operation: ICBufferFull done
Event: 14.477 Executing VM operation: Cleanup
Event: 14.477 Executing VM operation: Cleanup done
Event: 15.243 Executing VM operation: ICBufferFull
Event: 15.244 Executing VM operation: ICBufferFull done
Event: 15.343 Executing VM operation: G1CollectForAllocation (G1 Evacuation Pause)
Event: 15.358 Executing VM operation: G1CollectForAllocation (G1 Evacuation Pause) done
Event: 16.368 Executing VM operation: Cleanup
Event: 16.368 Executing VM operation: Cleanup done
Event: 17.372 Executing VM operation: Cleanup
Event: 17.372 Executing VM operation: Cleanup done

Memory protections (0 events):
No events

Nmethod flushes (20 events):
Event: 12.638 Thread 0x000001df13037a40 flushing  nmethod 0x000001df006f8390
Event: 12.638 Thread 0x000001df13037a40 flushing  nmethod 0x000001df00732110
Event: 12.638 Thread 0x000001df13037a40 flushing  nmethod 0x000001df00734e10
Event: 12.638 Thread 0x000001df13037a40 flushing  nmethod 0x000001df007e5610
Event: 12.638 Thread 0x000001df13037a40 flushing  nmethod 0x000001df00822f90
Event: 12.638 Thread 0x000001df13037a40 flushing  nmethod 0x000001df00823390
Event: 12.638 Thread 0x000001df13037a40 flushing  nmethod 0x000001df0082ad10
Event: 12.638 Thread 0x000001df13037a40 flushing  nmethod 0x000001df0082d590
Event: 12.638 Thread 0x000001df13037a40 flushing  nmethod 0x000001df0082e010
Event: 12.638 Thread 0x000001df13037a40 flushing  nmethod 0x000001df00832990
Event: 12.638 Thread 0x000001df13037a40 flushing  nmethod 0x000001df00863010
Event: 12.638 Thread 0x000001df13037a40 flushing  nmethod 0x000001df008b5f90
Event: 12.638 Thread 0x000001df13037a40 flushing  nmethod 0x000001df008f3a10
Event: 12.638 Thread 0x000001df13037a40 flushing  nmethod 0x000001df00932990
Event: 12.638 Thread 0x000001df13037a40 flushing  nmethod 0x000001df00933410
Event: 12.638 Thread 0x000001df13037a40 flushing  nmethod 0x000001df00933790
Event: 12.638 Thread 0x000001df13037a40 flushing  nmethod 0x000001df00936290
Event: 12.638 Thread 0x000001df13037a40 flushing  nmethod 0x000001df00937110
Event: 12.638 Thread 0x000001df13037a40 flushing  nmethod 0x000001df0099d710
Event: 12.638 Thread 0x000001df13037a40 flushing  nmethod 0x000001df00a6dd10

Events (20 events):
Event: 3.493 Thread 0x000001df169c1ce0 Thread exited: 0x000001df169c1ce0
Event: 4.103 Thread 0x000001df168ae8d0 Thread exited: 0x000001df168ae8d0
Event: 6.376 Thread 0x000001df1368d6b0 Thread added: 0x000001df169d9a90
Event: 6.750 Thread 0x000001df1391cf30 Thread exited: 0x000001df1391cf30
Event: 7.178 Thread 0x000001df169d9a90 Thread exited: 0x000001df169d9a90
Event: 7.269 Thread 0x000001df168b4dc0 Thread exited: 0x000001df168b4dc0
Event: 9.189 Thread 0x000001df14545ef0 Thread exited: 0x000001df14545ef0
Event: 9.478 Thread 0x000001df130be9e0 Thread added: 0x000001df169d8620
Event: 9.861 Thread 0x000001df130adf40 Thread added: 0x000001df169d7880
Event: 10.637 Thread 0x000001df130adf40 Thread added: 0x000001df169d9a90
Event: 11.031 Thread 0x000001df1368d6b0 Thread exited: 0x000001df1368d6b0
Event: 11.031 Thread 0x000001df131ccfb0 Thread exited: 0x000001df131ccfb0
Event: 11.226 Thread 0x000001df130be9e0 Thread added: 0x000001df15939b60
Event: 11.308 Thread 0x000001df130be9e0 Thread added: 0x000001df1593a900
Event: 11.309 Thread 0x000001df130be9e0 Thread added: 0x000001df1593afd0
Event: 12.135 Thread 0x000001df15939b60 Thread exited: 0x000001df15939b60
Event: 13.301 Thread 0x000001df1593afd0 Thread added: 0x000001df1593b6a0
Event: 14.693 Thread 0x000001df1593b6a0 Thread exited: 0x000001df1593b6a0
Event: 14.693 Thread 0x000001df169d9a90 Thread exited: 0x000001df169d9a90
Event: 15.044 Thread 0x000001df1593afd0 Thread added: 0x000001df1593bd70


Dynamic libraries:
0x00007ff60b9c0000 - 0x00007ff60b9ca000 	C:\Program Files\Android\Android Studio\jbr\bin\java.exe
0x00007ff8a4cc0000 - 0x00007ff8a4f23000 	C:\WINDOWS\SYSTEM32\ntdll.dll
0x00007ff8a4160000 - 0x00007ff8a4227000 	C:\WINDOWS\System32\KERNEL32.DLL
0x00007ff8a2480000 - 0x00007ff8a2849000 	C:\WINDOWS\System32\KERNELBASE.dll
0x00007ff8a2990000 - 0x00007ff8a2adc000 	C:\WINDOWS\System32\ucrtbase.dll
0x00007ff899750000 - 0x00007ff899768000 	C:\Program Files\Android\Android Studio\jbr\bin\jli.dll
0x00007ff87a940000 - 0x00007ff87a95b000 	C:\Program Files\Android\Android Studio\jbr\bin\VCRUNTIME140.dll
0x00007ff8a4ab0000 - 0x00007ff8a4c7a000 	C:\WINDOWS\System32\USER32.dll
0x00007ff8a2450000 - 0x00007ff8a2477000 	C:\WINDOWS\System32\win32u.dll
0x00007ff88e700000 - 0x00007ff88e990000 	C:\WINDOWS\WinSxS\amd64_microsoft.windows.common-controls_6595b64144ccf1df_6.0.26100.3323_none_3e088096e3344490\COMCTL32.dll
0x00007ff8a33f0000 - 0x00007ff8a341a000 	C:\WINDOWS\System32\GDI32.dll
0x00007ff8a3340000 - 0x00007ff8a33e9000 	C:\WINDOWS\System32\msvcrt.dll
0x00007ff8a2850000 - 0x00007ff8a2981000 	C:\WINDOWS\System32\gdi32full.dll
0x00007ff8a20f0000 - 0x00007ff8a2193000 	C:\WINDOWS\System32\msvcp_win.dll
0x00007ff8a4010000 - 0x00007ff8a403f000 	C:\WINDOWS\System32\IMM32.DLL
0x00007ff87a930000 - 0x00007ff87a93c000 	C:\Program Files\Android\Android Studio\jbr\bin\vcruntime140_1.dll
0x00007ff844880000 - 0x00007ff84490d000 	C:\Program Files\Android\Android Studio\jbr\bin\msvcp140.dll
0x00007ff830b50000 - 0x00007ff8317da000 	C:\Program Files\Android\Android Studio\jbr\bin\server\jvm.dll
0x00007ff8a35b0000 - 0x00007ff8a3662000 	C:\WINDOWS\System32\ADVAPI32.dll
0x00007ff8a3ca0000 - 0x00007ff8a3d46000 	C:\WINDOWS\System32\sechost.dll
0x00007ff8a3060000 - 0x00007ff8a3176000 	C:\WINDOWS\System32\RPCRT4.dll
0x00007ff8a4050000 - 0x00007ff8a40c4000 	C:\WINDOWS\System32\WS2_32.dll
0x00007ff8a1b90000 - 0x00007ff8a1bde000 	C:\WINDOWS\SYSTEM32\POWRPROF.dll
0x00007ff89a470000 - 0x00007ff89a47b000 	C:\WINDOWS\SYSTEM32\VERSION.dll
0x00007ff898300000 - 0x00007ff898336000 	C:\WINDOWS\SYSTEM32\WINMM.dll
0x00007ff8a1b70000 - 0x00007ff8a1b84000 	C:\WINDOWS\SYSTEM32\UMPDC.dll
0x00007ff8a0ce0000 - 0x00007ff8a0cfa000 	C:\WINDOWS\SYSTEM32\kernel.appcore.dll
0x00007ff87a920000 - 0x00007ff87a92a000 	C:\Program Files\Android\Android Studio\jbr\bin\jimage.dll
0x00007ff89f880000 - 0x00007ff89fac1000 	C:\WINDOWS\SYSTEM32\DBGHELP.DLL
0x00007ff8a2ae0000 - 0x00007ff8a2e62000 	C:\WINDOWS\System32\combase.dll
0x00007ff8a3f30000 - 0x00007ff8a4006000 	C:\WINDOWS\System32\OLEAUT32.dll
0x00007ff88de00000 - 0x00007ff88de39000 	C:\WINDOWS\SYSTEM32\dbgcore.DLL
0x00007ff8a23b0000 - 0x00007ff8a2449000 	C:\WINDOWS\System32\bcryptPrimitives.dll
0x00007ff87a900000 - 0x00007ff87a920000 	C:\Program Files\Android\Android Studio\jbr\bin\java.dll
0x00007ff8416f0000 - 0x00007ff841708000 	C:\Program Files\Android\Android Studio\jbr\bin\zip.dll
0x00007ff8a4300000 - 0x00007ff8a4a15000 	C:\WINDOWS\System32\SHELL32.dll
0x00007ff8a1ec0000 - 0x00007ff8a2028000 	C:\WINDOWS\System32\wintypes.dll
0x00007ff89fb70000 - 0x00007ff8a03b5000 	C:\WINDOWS\SYSTEM32\windows.storage.dll
0x00007ff8a3430000 - 0x00007ff8a351b000 	C:\WINDOWS\System32\SHCORE.dll
0x00007ff8a40d0000 - 0x00007ff8a412d000 	C:\WINDOWS\System32\shlwapi.dll
0x00007ff8a1dd0000 - 0x00007ff8a1dff000 	C:\WINDOWS\SYSTEM32\profapi.dll
0x00007ff86a340000 - 0x00007ff86a350000 	C:\Program Files\Android\Android Studio\jbr\bin\net.dll
0x00007ff89db70000 - 0x00007ff89dc8e000 	C:\WINDOWS\SYSTEM32\WINHTTP.dll
0x00007ff8a1200000 - 0x00007ff8a126a000 	C:\WINDOWS\system32\mswsock.dll
0x00007ff8416d0000 - 0x00007ff8416e6000 	C:\Program Files\Android\Android Studio\jbr\bin\nio.dll
0x00007ff891e20000 - 0x00007ff891e30000 	C:\Program Files\Android\Android Studio\jbr\bin\verify.dll

dbghelp: loaded successfully - version: 4.0.5 - missing functions: none
symbol engine: initialized successfully - sym options: 0x614 - pdb path: .;C:\Program Files\Android\Android Studio\jbr\bin;C:\WINDOWS\SYSTEM32;C:\WINDOWS\WinSxS\amd64_microsoft.windows.common-controls_6595b64144ccf1df_6.0.26100.3323_none_3e088096e3344490;C:\Program Files\Android\Android Studio\jbr\bin\server

VM Arguments:
java_command: org.jetbrains.kotlin.cli.jvm.K2JVMCompiler @C:\Users\georg\AndroidStudioProjects\MusicPlayerApp2\app\build\20250324_701476842519770402.compiler.options
java_class_path (initial): C:\Users\georg\.gradle\caches\modules-2\files-2.1\org.jetbrains.kotlin\kotlin-compiler-embeddable\2.0.21\79346ed53db48b18312a472602eb5c057070c54d\kotlin-compiler-embeddable-2.0.21.jar;C:\Users\georg\.gradle\caches\modules-2\files-2.1\org.jetbrains.kotlin\kotlin-stdlib\2.0.21\618b539767b4899b4660a83006e052b63f1db551\kotlin-stdlib-2.0.21.jar;C:\Users\georg\.gradle\caches\modules-2\files-2.1\org.jetbrains.kotlin\kotlin-script-runtime\2.0.21\c9b044380ad41f89aa89aa896c2d32a8c0b2129d\kotlin-script-runtime-2.0.21.jar;C:\Users\georg\.gradle\caches\modules-2\files-2.1\org.jetbrains.kotlin\kotlin-reflect\1.6.10\1cbe9c92c12a94eea200d23c2bbaedaf3daf5132\kotlin-reflect-1.6.10.jar;C:\Users\georg\.gradle\caches\modules-2\files-2.1\org.jetbrains.kotlin\kotlin-daemon-embeddable\2.0.21\c9e933b23287de9b5a17e2116b4657bb91aea72c\kotlin-daemon-embeddable-2.0.21.jar;C:\Users\georg\.gradle\caches\modules-2\files-2.1\org.jetbrains.intellij.deps\trove4j\1.0.20200330\3afb14d5f9ceb459d724e907a21145e8ff394f02\trove4j-1.0.20200330.jar;C:\Users\georg\.gradle\caches\modules-2\files-2.1\org.jetbrains.kotlinx\kotlinx-coroutines-core-jvm\1.6.4\2c997cd1c0ef33f3e751d3831929aeff1390cb30\kotlinx-coroutines-core-jvm-1.6.4.jar;C:\Users\georg\.gradle\caches\modules-2\files-2.1\org.jetbrains\annotations\13.0\919f0dfe192fb4e063e7dacadee7f8bb9a2672a9\annotations-13.0.jar
Launcher Type: SUN_STANDARD

[Global flags]
     intx CICompilerCount                          = 12                                        {product} {ergonomic}
     uint ConcGCThreads                            = 3                                         {product} {ergonomic}
     uint G1ConcRefinementThreads                  = 13                                        {product} {ergonomic}
   size_t G1HeapRegionSize                         = 1048576                                   {product} {ergonomic}
    uintx GCDrainStackTargetSize                   = 64                                        {product} {ergonomic}
   size_t InitialHeapSize                          = 125829120                                 {product} {ergonomic}
   size_t MarkStackSize                            = 4194304                                   {product} {ergonomic}
   size_t MaxHeapSize                              = 1992294400                                {product} {ergonomic}
   size_t MaxNewSize                               = 1195376640                                {product} {ergonomic}
   size_t MinHeapDeltaBytes                        = 1048576                                   {product} {ergonomic}
   size_t MinHeapSize                              = 8388608                                   {product} {ergonomic}
    uintx NonNMethodCodeHeapSize                   = 7602480                                {pd product} {ergonomic}
    uintx NonProfiledCodeHeapSize                  = 122027880                              {pd product} {ergonomic}
    uintx ProfiledCodeHeapSize                     = 122027880                              {pd product} {ergonomic}
    uintx ReservedCodeCacheSize                    = 251658240                              {pd product} {ergonomic}
     bool SegmentedCodeCache                       = true                                      {product} {ergonomic}
   size_t SoftMaxHeapSize                          = 1992294400                             {manageable} {ergonomic}
     bool UseCompressedOops                        = true                           {product lp64_product} {ergonomic}
     bool UseG1GC                                  = true                                      {product} {ergonomic}
     bool UseLargePagesIndividualAllocation        = false                                  {pd product} {ergonomic}

Logging:
Log output configuration:
 #0: stdout all=warning uptime,level,tags foldmultilines=false
 #1: stderr all=off uptime,level,tags foldmultilines=false

Environment Variables:
PATH=C:\Program Files\Common Files\Oracle\Java\javapath;C:\Program Files\Eclipse Adoptium\jdk-21.0.2.13-hotspot\bin;C:\oracle\product\10.2.0\db_1\bin;C:\WINDOWS\system32;C:\WINDOWS;C:\WINDOWS\System32\Wbem;C:\WINDOWS\System32\WindowsPowerShell\v1.0\;C:\WINDOWS\System32\OpenSSH\;C:\Program Files\Microsoft SQL Server\Client SDK\ODBC\170\Tools\Binn\;C:\Program Files\dotnet\;C:\Program Files\NVIDIA Corporation\NVIDIA NvDLISR;C:\Program Files (x86)\NVIDIA Corporation\PhysX\Common;C:\Program Files\MySQL\MySQL Server 8.0\bin;C:\Users\georg\anaconda3\Scripts;C:\Program Files\Docker\Docker\resources\bin;C:\Program Files\Microsoft SQL Server\150\Tools\Binn\;C:\Program Files\Git\cmd;C:\Program Files (x86)\Windows Kits\10\Windows Performance Toolkit\;C:\Users\georg\AppData\Roaming\nvm;C:\Program Files\nodejs;C:\Program Files\MySQL\MySQL Shell 8.0\bin\;C:\Users\georg\AppData\Local\Microsoft\WindowsApps;C:\Users\georg\AppData\Local\Programs\Microsoft VS Code\bin;C:\Users\georg\AppData\Roaming\npm;C:\Users\georg\AppData\Local\GitHubDesktop\bin;node_modules\npm\bin;C:\Users\georg\AppData\Roaming\nvm;C:\Program Files\nodejs;C:\Users\georg\.dotnet\tools;
USERNAME=georg
OS=Windows_NT
PROCESSOR_IDENTIFIER=AMD64 Family 23 Model 96 Stepping 1, AuthenticAMD
TMP=C:\Users\georg\AppData\Local\Temp
TEMP=C:\Users\georg\AppData\Local\Temp




Periodic native trim disabled

JNI global refs:
JNI global refs: 18, weak refs: 0

JNI global refs memory usage: 835, weak refs: 833

Process memory usage:
Resident Set Size: 387296K (4% of 7781488K total physical memory with 2465736K free physical memory)

OOME stack traces (most recent first):
Classloader memory used:
Loader jdk.internal.loader.ClassLoaders$AppClassLoader                                 : 48763K
Loader bootstrap                                                                       : 10810K
Loader java.net.URLClassLoader                                                         : 296K

---------------  S Y S T E M  ---------------

OS:
 Windows 11 , 64 bit Build 26100 (10.0.26100.3323)
OS uptime: 11 days 0:38 hours
Hyper-V role detected

CPU: total 16 (initial active 16) (16 cores per cpu, 2 threads per core) family 23 model 96 stepping 1 microcode 0x8600106, cx8, cmov, fxsr, ht, mmx, 3dnowpref, sse, sse2, sse3, ssse3, sse4a, sse4.1, sse4.2, popcnt, lzcnt, tsc, tscinvbit, avx, avx2, aes, clmul, bmi1, bmi2, adx, sha, fma, vzeroupper, clflush, clflushopt, hv, rdtscp, rdpid, f16c
Processor Information for all 16 processors :
  Max Mhz: 2901, Current Mhz: 2901, Mhz Limit: 2901

Memory: 4k page, system-wide physical 7599M (2403M free)
TotalPageFile size 31151M (AvailPageFile size 4M)
current process WorkingSet (physical memory assigned to process): 378M, peak: 394M
current process commit charge ("private bytes"): 402M, peak: 420M

vm_info: OpenJDK 64-Bit Server VM (21.0.5+-12932927-b750.29) for windows-amd64 JRE (21.0.5+-12932927-b750.29), built on 2025-01-17T02:01:10Z by "builder" with MS VC++ 16.10 / 16.11 (VS2019)

END.
